/*C2*/SET SCHEMA PUBLIC
DISCONNECT
/*C3*/SET SCHEMA PUBLIC
DISCONNECT
/*C4*/SET SCHEMA PUBLIC
alter table PUBLIC.TRANSACTIONS_EVENTS drop constraint UK_lfmdcp78aghs1ncbevvecjytl
alter table PUBLIC.TRANSACTIONS_EVENTS add constraint UK_lfmdcp78aghs1ncbevvecjytl unique (logs_id)
DISCONNECT
/*C5*/SET SCHEMA PUBLIC
DISCONNECT
/*C6*/SET SCHEMA PUBLIC
DISCONNECT
/*C7*/SET SCHEMA PUBLIC
DISCONNECT
/*C8*/SET SCHEMA PUBLIC
DISCONNECT
/*C9*/SET SCHEMA PUBLIC
DISCONNECT
/*C10*/SET SCHEMA PUBLIC
DISCONNECT
/*C1*/SET SCHEMA SYSTEM_LOBS
INSERT INTO LOB_IDS VALUES(735,514,0,40)
ALTER SEQUENCE SYSTEM_LOBS.LOB_ID RESTART WITH 736
COMMIT
DELETE FROM BLOCKS WHERE BLOCK_ADDR=734
INSERT INTO BLOCKS VALUES(734,1,0)
INSERT INTO BLOCKS VALUES(735,2147482912,0)
DELETE FROM BLOCKS WHERE BLOCK_ADDR=734
INSERT INTO LOBS VALUES(734,1,0,735)
COMMIT
/*C11*/SET SCHEMA PUBLIC
INSERT INTO BLOCKS VALUES('0x252357cb8a43f83f8d3d4115e145aeb509d2d691418059dc402cad1f024dc625',1.00,'0xd983010907846765746889676f312e31332e3130856c696e7578000000000000f90164f854946571d97f340c8495b661a823f2c2145ca47d63c294d8dba507e85f116b1f7e231ca8525fc9008a696694e36cbeb565b061217930767886474e3cde903ac594f512a992f3fb749857d758ffda1330e590fa915eb841b1516beaee7decc44ee5891f96cb54466db63573bc96a22f400367ba8011790c4450f95b8555d7cf3b2f34a92c3788e8d01b37133651f4bbfa84fa30317475fa01f8c9b84128e96e799c0a0cd58232d1a8648d67cf2999c255f34f46c3570dc2ce7f740d5641b4a31acb1bac853a6d0592b3c1ca8927a5159c3ed7c438b26d9bf3a19a915501b841a0df6f548da91ac818d433350a7a6136caaabc935090d8445164a13d8237889f3e5406ef589ac2e014dbd6764ec56322dc64153cd0aba35746f00b3611116fce01b8419e22157b6af7694940ee90d025061763419fdefe763f8102abd16d1ee9944e2550dd3ea5a46cd34320e603595d00c3c0185395486a6b7a13d4ff4c6317f2d76701',3144542630.00,0.00,735,'0x0000000000000000000000000000000000000000','0x0000000000000000',730.00,'0x4a52534747d1777a3c33f803015883d302530cee654ccad0c7e02c8636db104c','0x1dcc4de8dec75d7aab85b567b6ccd41ad312451b948a7413f0a142fd40d49347','0x2f903b8d5a7f5480fdd4c46057796cdfa390823d7e7f35906514b892123e993f',1604654512,731.00,'0x56e81f171bcc55a6ff8345e692c0f86e5b48e01b996cadc001622fb5e363b421')
SET SCHEMA SYSTEM_LOBS
DELETE FROM LOB_IDS WHERE LOB_ID=735
INSERT INTO LOB_IDS VALUES(735,514,1,40)
COMMIT
SET SCHEMA PUBLIC
DISCONNECT
/*C1*/INSERT INTO LOB_IDS VALUES(736,514,0,40)
ALTER SEQUENCE SYSTEM_LOBS.LOB_ID RESTART WITH 737
COMMIT
DELETE FROM BLOCKS WHERE BLOCK_ADDR=735
INSERT INTO BLOCKS VALUES(735,1,0)
INSERT INTO BLOCKS VALUES(736,2147482911,0)
DELETE FROM BLOCKS WHERE BLOCK_ADDR=735
INSERT INTO LOBS VALUES(735,1,0,736)
COMMIT
/*C12*/SET SCHEMA PUBLIC
INSERT INTO BLOCKS VALUES('0xea55f48da52466029f5a6d30eb509980fdd0c93f2bca9fb704233c063538692d',1.00,'0xd983010907846765746889676f312e31332e3130856c696e7578000000000000f90164f854946571d97f340c8495b661a823f2c2145ca47d63c294d8dba507e85f116b1f7e231ca8525fc9008a696694e36cbeb565b061217930767886474e3cde903ac594f512a992f3fb749857d758ffda1330e590fa915eb84119aabca93b152357a7f71fb7256a5b963bba76df2cf5f224a8f7ec1e90b68d975c5ba197220719ba97329cdc10395fd5b81bcc723b2ea3f5b08d6d46c56a78a900f8c9b84131ff70ca4bc79d6aba64c4022e95af5073a395cafc87d7c5a6500d911999fcfe5ea9cefbd0326a6cef5da86ee1ca7f2e19e155ad5a6dc9d87695d7e4174a71a100b841e0ddb19ac6f3516d092fe3b89be1f06a81db1e3a1603018f004235743d70e94b2095c3ead66e26a7a97b611e9bd999069e4623f91f58f7090afa700f9f69209901b841a3b59372fa7ee4cf433a038de68a5a6da3b585d7fe5a155df26178fe2c6b5e116d3ce3a91c40f2d17119a165660edf53c33209c97a5b7681d309adbd382fb18201',3143774921.00,0.00,736,'0x0000000000000000000000000000000000000000','0x0000000000000000',731.00,'0x252357cb8a43f83f8d3d4115e145aeb509d2d691418059dc402cad1f024dc625','0x1dcc4de8dec75d7aab85b567b6ccd41ad312451b948a7413f0a142fd40d49347','0x2f903b8d5a7f5480fdd4c46057796cdfa390823d7e7f35906514b892123e993f',1604990517,732.00,'0x56e81f171bcc55a6ff8345e692c0f86e5b48e01b996cadc001622fb5e363b421')
SET SCHEMA SYSTEM_LOBS
DELETE FROM LOB_IDS WHERE LOB_ID=736
INSERT INTO LOB_IDS VALUES(736,514,1,40)
COMMIT
SET SCHEMA PUBLIC
DISCONNECT
/*C1*/INSERT INTO LOB_IDS VALUES(737,514,0,40)
ALTER SEQUENCE SYSTEM_LOBS.LOB_ID RESTART WITH 738
COMMIT
DELETE FROM BLOCKS WHERE BLOCK_ADDR=736
INSERT INTO BLOCKS VALUES(736,1,0)
INSERT INTO BLOCKS VALUES(737,2147482910,0)
DELETE FROM BLOCKS WHERE BLOCK_ADDR=736
INSERT INTO LOBS VALUES(736,1,0,737)
COMMIT
/*C13*/SET SCHEMA PUBLIC
INSERT INTO BLOCKS VALUES('0x3a68ad8fa276dad321926ee62cb56eac83e99583f905138d3eda0e18d7a7f44f',1.00,'0xd983010907846765746889676f312e31332e3130856c696e7578000000000000f90164f854946571d97f340c8495b661a823f2c2145ca47d63c294d8dba507e85f116b1f7e231ca8525fc9008a696694e36cbeb565b061217930767886474e3cde903ac594f512a992f3fb749857d758ffda1330e590fa915eb8418963e538604f0bafa60c173137a4c78e0736a8430706e9ecae8f9d867f04be780b2b9a09b6b215bd3df4d48ea222cfdc1840a82e323873dfc4b0bea17221605601f8c9b841db5348dc11a486b054900648fb39a428536cf23e12c33f7205b1fc343733bb6621b82c38516d801f43b65434c80972052edcc32298e2a27355999bdd0ff6d9ee00b841771527f460fa718baa4eb61af932288e51126e2bb51fd2ecd555a8de2a7f8388394cb0883c183cd27b42d9e418c21ad2bbbfc20100f64c95c19f7f17f4d7d8a000b8416fcc482ff6113c67e616b0ecafd9d5f63967449d924ee496e9ff1cac2e9b6afb0f3a6ec5d46d0ed228625763b9b346c58e9b068b6be226d3e6dbdb37637c30b901',3143007399.00,0.00,737,'0x0000000000000000000000000000000000000000','0x0000000000000000',732.00,'0xea55f48da52466029f5a6d30eb509980fdd0c93f2bca9fb704233c063538692d','0x1dcc4de8dec75d7aab85b567b6ccd41ad312451b948a7413f0a142fd40d49347','0x2f903b8d5a7f5480fdd4c46057796cdfa390823d7e7f35906514b892123e993f',1604990522,733.00,'0x56e81f171bcc55a6ff8345e692c0f86e5b48e01b996cadc001622fb5e363b421')
SET SCHEMA SYSTEM_LOBS
DELETE FROM LOB_IDS WHERE LOB_ID=737
INSERT INTO LOB_IDS VALUES(737,514,1,40)
COMMIT
SET SCHEMA PUBLIC
DISCONNECT
/*C1*/INSERT INTO LOB_IDS VALUES(738,514,0,40)
ALTER SEQUENCE SYSTEM_LOBS.LOB_ID RESTART WITH 739
COMMIT
DELETE FROM BLOCKS WHERE BLOCK_ADDR=737
INSERT INTO BLOCKS VALUES(737,1,0)
INSERT INTO BLOCKS VALUES(738,2147482909,0)
DELETE FROM BLOCKS WHERE BLOCK_ADDR=737
INSERT INTO LOBS VALUES(737,1,0,738)
COMMIT
/*C14*/SET SCHEMA PUBLIC
INSERT INTO BLOCKS VALUES('0x330fa221250e3c4c18e547d1b83258406b7c037de62f4d5c84901a9766f4c042',1.00,'0xd983010907846765746889676f312e31332e3130856c696e7578000000000000f90164f854946571d97f340c8495b661a823f2c2145ca47d63c294d8dba507e85f116b1f7e231ca8525fc9008a696694e36cbeb565b061217930767886474e3cde903ac594f512a992f3fb749857d758ffda1330e590fa915eb84175bc969fb8c6620e3e2c84a0a219d798b432df7e86acafd494fa3e6b43c92f8f7692e8f793acfd41d4f7eebba615e6bd655933b95b77c3c43da341cbe4139bf700f8c9b841dabc3717cd501c04d5e89814ef81d0d1934f2fe14f9c8e2c0dcd79318ea35841033b03318e2bec0f23ed4d223222e2f1fe44ef4d08320c8ec8c845f846f6b1bd00b84191949b52c04809ca171cacaa6762869a5ae499778e38f5f8aa936661a009748b5d9de265069cba86e9897dc4862a602fb9a4df3df3dbd1ba2aa5d6709449aff901b84101e6eb279305389a183a201f9c7f7eb7bd4f02dee7d13bb28d864eaa345cd6cd440f31657b595155b8eef8a33d004ba6032dca3fe00b47b853f7ae4ccf748c3a00',3142240065.00,0.00,738,'0x0000000000000000000000000000000000000000','0x0000000000000000',733.00,'0x3a68ad8fa276dad321926ee62cb56eac83e99583f905138d3eda0e18d7a7f44f','0x1dcc4de8dec75d7aab85b567b6ccd41ad312451b948a7413f0a142fd40d49347','0x2f903b8d5a7f5480fdd4c46057796cdfa390823d7e7f35906514b892123e993f',1604990527,734.00,'0x56e81f171bcc55a6ff8345e692c0f86e5b48e01b996cadc001622fb5e363b421')
SET SCHEMA SYSTEM_LOBS
DELETE FROM LOB_IDS WHERE LOB_ID=738
INSERT INTO LOB_IDS VALUES(738,514,1,40)
COMMIT
SET SCHEMA PUBLIC
DISCONNECT
/*C1*/INSERT INTO LOB_IDS VALUES(739,514,0,40)
ALTER SEQUENCE SYSTEM_LOBS.LOB_ID RESTART WITH 740
COMMIT
DELETE FROM BLOCKS WHERE BLOCK_ADDR=738
INSERT INTO BLOCKS VALUES(738,1,0)
INSERT INTO BLOCKS VALUES(739,2147482908,0)
DELETE FROM BLOCKS WHERE BLOCK_ADDR=738
INSERT INTO LOBS VALUES(738,1,0,739)
COMMIT
/*C15*/SET SCHEMA PUBLIC
INSERT INTO BLOCKS VALUES('0x9b027577498dec0a92b5d9b02af4f1990abba3710be44a9fe210275f957efb62',1.00,'0xd983010907846765746889676f312e31332e3130856c696e7578000000000000f90164f854946571d97f340c8495b661a823f2c2145ca47d63c294d8dba507e85f116b1f7e231ca8525fc9008a696694e36cbeb565b061217930767886474e3cde903ac594f512a992f3fb749857d758ffda1330e590fa915eb841e6e7a30593cf44fd5eb3002d13de638c3fb07e8e5add42363044816bd9d841184543f7b214ad3be08408208a4676bc01bc4e23e68d263b36b458792fe98d936b00f8c9b84161cb515b1d5e78805b9df6e0edac77e4d638970cdf38544bd671abf8cb06e34d06738ed5db3132f8f1d198b950c018f5f27e3b4f1bcb3f62ff218fe4374631c400b84139e54f882e28000610966d653dd95b4d971c4732985135ed251002b2d4faa47d7e834e3c5aaac3030dfb17b52b27d98ed6066c82fa8811a54bf7a00354f4046200b84150dd5418520994edea0db961f8ae850b493197b151aba6b531fd13ebc30c20912e4546aeec94d20ec160cb84c866c34e6b0dd6dbf0015d3a172f7f88d895796e01',3141472918.00,0.00,739,'0x0000000000000000000000000000000000000000','0x0000000000000000',734.00,'0x330fa221250e3c4c18e547d1b83258406b7c037de62f4d5c84901a9766f4c042','0x1dcc4de8dec75d7aab85b567b6ccd41ad312451b948a7413f0a142fd40d49347','0x2f903b8d5a7f5480fdd4c46057796cdfa390823d7e7f35906514b892123e993f',1604990532,735.00,'0x56e81f171bcc55a6ff8345e692c0f86e5b48e01b996cadc001622fb5e363b421')
SET SCHEMA SYSTEM_LOBS
DELETE FROM LOB_IDS WHERE LOB_ID=739
INSERT INTO LOB_IDS VALUES(739,514,1,40)
COMMIT
SET SCHEMA PUBLIC
DISCONNECT
/*C1*/INSERT INTO LOB_IDS VALUES(740,514,0,40)
ALTER SEQUENCE SYSTEM_LOBS.LOB_ID RESTART WITH 741
COMMIT
DELETE FROM BLOCKS WHERE BLOCK_ADDR=739
INSERT INTO BLOCKS VALUES(739,1,0)
INSERT INTO BLOCKS VALUES(740,2147482907,0)
DELETE FROM BLOCKS WHERE BLOCK_ADDR=739
INSERT INTO LOBS VALUES(739,1,0,740)
COMMIT
/*C16*/SET SCHEMA PUBLIC
INSERT INTO BLOCKS VALUES('0xc88e2825e4dc2c873f50079bd616f6cae0a32e8ed09a8c46c7a0c087b930083d',1.00,'0xd983010907846765746889676f312e31332e3130856c696e7578000000000000f90164f854946571d97f340c8495b661a823f2c2145ca47d63c294d8dba507e85f116b1f7e231ca8525fc9008a696694e36cbeb565b061217930767886474e3cde903ac594f512a992f3fb749857d758ffda1330e590fa915eb841e0ece9c021bff30a6a7dc8068d0982d1735ced5319b848d52069674ebc6e4e1608be37977c6d9ccd601091a7eb8ac9ed02b3a46194f18f11cc2aa4d394bc5a7301f8c9b84171496a64d3fd1e9b96a4e7bbe156e9fe7f4bcc1ffcdb7845c0e29cd18b052c7d7bca425aebcd300c238d6f0b3840546dbcf2c479f1d473f0ae64a9af88dcbbea00b841f624218ac6d08cdd7f21382b63461201df15e7e71b5f1149c736c98a3dd98c1328fc74182f9df9f4cf873c3b449030e4e14e4d112877c8e373c72f5056e457f701b841ce6fe83dd176bbb64419b1cc3ca3fdd313941cc8f361044b7663eead3b59763b4f3eee93d4ae605880d4cb8460532b77ed992821ea4a3692ca98c0322722e48100',3140705958.00,0.00,740,'0x0000000000000000000000000000000000000000','0x0000000000000000',735.00,'0x9b027577498dec0a92b5d9b02af4f1990abba3710be44a9fe210275f957efb62','0x1dcc4de8dec75d7aab85b567b6ccd41ad312451b948a7413f0a142fd40d49347','0x2f903b8d5a7f5480fdd4c46057796cdfa390823d7e7f35906514b892123e993f',1604990537,736.00,'0x56e81f171bcc55a6ff8345e692c0f86e5b48e01b996cadc001622fb5e363b421')
SET SCHEMA SYSTEM_LOBS
DELETE FROM LOB_IDS WHERE LOB_ID=740
INSERT INTO LOB_IDS VALUES(740,514,1,40)
COMMIT
SET SCHEMA PUBLIC
DISCONNECT
/*C1*/INSERT INTO LOB_IDS VALUES(741,514,0,40)
ALTER SEQUENCE SYSTEM_LOBS.LOB_ID RESTART WITH 742
COMMIT
DELETE FROM BLOCKS WHERE BLOCK_ADDR=740
INSERT INTO BLOCKS VALUES(740,1,0)
INSERT INTO BLOCKS VALUES(741,2147482906,0)
DELETE FROM BLOCKS WHERE BLOCK_ADDR=740
INSERT INTO LOBS VALUES(740,1,0,741)
COMMIT
/*C17*/SET SCHEMA PUBLIC
INSERT INTO BLOCKS VALUES('0x1ed587cff9c335064980c217aac1d9d087280d92ae1d7573f84da865a5cc2a4e',1.00,'0xd983010907846765746889676f312e31332e3130856c696e7578000000000000f90164f854946571d97f340c8495b661a823f2c2145ca47d63c294d8dba507e85f116b1f7e231ca8525fc9008a696694e36cbeb565b061217930767886474e3cde903ac594f512a992f3fb749857d758ffda1330e590fa915eb841381f6297e9f64486f8d4cb26b564b95e445d7ff6ae577c958bffdc1fb9fc2c2d3da5ea5914ebffe70f5862bc02dc60f31afed5f97cd3bd84d13bab8db9f17a7d00f8c9b841d4c9bcf5c781ced3001a8906b46f05c1be5228eb371009831cf460630ec55d85444a400f4bec6ff070edc0c2537a68d84d32bb2f55ff05e2237f566216a64f1201b84155f675c9637c8103b6731155dcd6970d184f62295adce727f40d677abefca6b20004bce2d414c7d1d0929287fc5be328235e4a19bb3625240c15497c1c09c9ba00b841b424d805203265a9ebed00ec79b4fa8d17e770d88f5957b691edad70b391d69e16add36b52a03480381cebd248159babebdf1b6b3fb6f309664786192edb583800',3139939186.00,0.00,741,'0x0000000000000000000000000000000000000000','0x0000000000000000',736.00,'0xc88e2825e4dc2c873f50079bd616f6cae0a32e8ed09a8c46c7a0c087b930083d','0x1dcc4de8dec75d7aab85b567b6ccd41ad312451b948a7413f0a142fd40d49347','0x2f903b8d5a7f5480fdd4c46057796cdfa390823d7e7f35906514b892123e993f',1604990542,737.00,'0x56e81f171bcc55a6ff8345e692c0f86e5b48e01b996cadc001622fb5e363b421')
SET SCHEMA SYSTEM_LOBS
DELETE FROM LOB_IDS WHERE LOB_ID=741
INSERT INTO LOB_IDS VALUES(741,514,1,40)
COMMIT
SET SCHEMA PUBLIC
DISCONNECT
/*C1*/INSERT INTO LOB_IDS VALUES(742,514,0,40)
ALTER SEQUENCE SYSTEM_LOBS.LOB_ID RESTART WITH 743
COMMIT
DELETE FROM BLOCKS WHERE BLOCK_ADDR=741
INSERT INTO BLOCKS VALUES(741,1,0)
INSERT INTO BLOCKS VALUES(742,2147482905,0)
DELETE FROM BLOCKS WHERE BLOCK_ADDR=741
INSERT INTO LOBS VALUES(741,1,0,742)
COMMIT
/*C18*/SET SCHEMA PUBLIC
INSERT INTO BLOCKS VALUES('0x440c2aeffa28b0d2f9725d99f3a512b4a16876771ddc07122fa34c52fb77a696',1.00,'0xd983010907846765746889676f312e31332e3130856c696e7578000000000000f90164f854946571d97f340c8495b661a823f2c2145ca47d63c294d8dba507e85f116b1f7e231ca8525fc9008a696694e36cbeb565b061217930767886474e3cde903ac594f512a992f3fb749857d758ffda1330e590fa915eb841d282e30e96e16301eada3c4ac97901c87f04634d1788657c257171ec6c49470f44f888b6965214ff1d626f90280f9061231d327e9df14dfd7bcc03b4df318bde00f8c9b841191207b795070fdbca39d7e3d0b93e6ae9df43e335431246e30bae63c098c3043186727fca274811f89a95eece81780e8b8054d0db22a962b4af361ec148d8df01b841eca8182f7cedf98c10b0c69464c537db1587cf55a85a3f7a8f84e5a904d01d491e1acc14eafda245c3f92268d4a41bde832d5cfeb0a78079476705f8eb365d7500b841da97fb8e08200d44544ca47be2343e0cf38002bae4762f49a77d7a037ad622a93cbe5e6850c22ba1cfc49b6723f7b2db5d99b77ae6c1e024f6d4bd87afc26d3501',3139172601.00,0.00,742,'0x0000000000000000000000000000000000000000','0x0000000000000000',737.00,'0x1ed587cff9c335064980c217aac1d9d087280d92ae1d7573f84da865a5cc2a4e','0x1dcc4de8dec75d7aab85b567b6ccd41ad312451b948a7413f0a142fd40d49347','0x2f903b8d5a7f5480fdd4c46057796cdfa390823d7e7f35906514b892123e993f',1604990547,738.00,'0x56e81f171bcc55a6ff8345e692c0f86e5b48e01b996cadc001622fb5e363b421')
SET SCHEMA SYSTEM_LOBS
DELETE FROM LOB_IDS WHERE LOB_ID=742
INSERT INTO LOB_IDS VALUES(742,514,1,40)
COMMIT
SET SCHEMA PUBLIC
DISCONNECT
/*C1*/INSERT INTO LOB_IDS VALUES(743,514,0,40)
ALTER SEQUENCE SYSTEM_LOBS.LOB_ID RESTART WITH 744
COMMIT
DELETE FROM BLOCKS WHERE BLOCK_ADDR=742
INSERT INTO BLOCKS VALUES(742,1,0)
INSERT INTO BLOCKS VALUES(743,2147482904,0)
DELETE FROM BLOCKS WHERE BLOCK_ADDR=742
INSERT INTO LOBS VALUES(742,1,0,743)
COMMIT
/*C19*/SET SCHEMA PUBLIC
INSERT INTO BLOCKS VALUES('0xcf9ab92e54722c89c2653cdd109b9dc840b045a6ca2e9fb2982bffbbf3238bac',1.00,'0xd983010907846765746889676f312e31332e3130856c696e7578000000000000f90164f854946571d97f340c8495b661a823f2c2145ca47d63c294d8dba507e85f116b1f7e231ca8525fc9008a696694e36cbeb565b061217930767886474e3cde903ac594f512a992f3fb749857d758ffda1330e590fa915eb8413f8f5c2a4d64b211c84932f8286ec753f2d361dfa60111d20c6107ffaabba0ee11e1b1da9b28452b00eac067df279ba66aa48902e9436800fea38fb7b03de7ca01f8c9b8415da6181c9f36e86f4053f61ffefb9269d591468cbdf83c9d83044a94fe87011001eef313a7c2f397528f76697d8636949609c33c233c9f64ec2e56d3eb60177801b84182d18b9597b2dd2f7e87f1baa4ab190af47129e39fe2182f55d05745f1f9612c744723b8e36cf98f539beba789782b2177106c90853e2d92938600c368e1029601b841b18cb6c6bfc25e21854729332c7eb63ba379fa06c582ef2fbb6f3d8cfecefdd6427a153c6b3f80a2e039315c5b83fe9d9fe6fee58455b8f572abce4d3a6de51301',3138406203.00,0.00,743,'0x0000000000000000000000000000000000000000','0x0000000000000000',738.00,'0x440c2aeffa28b0d2f9725d99f3a512b4a16876771ddc07122fa34c52fb77a696','0x1dcc4de8dec75d7aab85b567b6ccd41ad312451b948a7413f0a142fd40d49347','0x2f903b8d5a7f5480fdd4c46057796cdfa390823d7e7f35906514b892123e993f',1604990552,739.00,'0x56e81f171bcc55a6ff8345e692c0f86e5b48e01b996cadc001622fb5e363b421')
SET SCHEMA SYSTEM_LOBS
DELETE FROM LOB_IDS WHERE LOB_ID=743
INSERT INTO LOB_IDS VALUES(743,514,1,40)
COMMIT
SET SCHEMA PUBLIC
DISCONNECT
/*C1*/INSERT INTO LOB_IDS VALUES(744,514,0,40)
ALTER SEQUENCE SYSTEM_LOBS.LOB_ID RESTART WITH 745
COMMIT
DELETE FROM BLOCKS WHERE BLOCK_ADDR=743
INSERT INTO BLOCKS VALUES(743,1,0)
INSERT INTO BLOCKS VALUES(744,2147482903,0)
DELETE FROM BLOCKS WHERE BLOCK_ADDR=743
INSERT INTO LOBS VALUES(743,1,0,744)
COMMIT
/*C20*/SET SCHEMA PUBLIC
INSERT INTO BLOCKS VALUES('0xd116c5e42a51a66e6e0a417faf52b1209df984098d50f48a554e7c47cefd5f0e',1.00,'0xd983010907846765746889676f312e31332e3130856c696e7578000000000000f90164f854946571d97f340c8495b661a823f2c2145ca47d63c294d8dba507e85f116b1f7e231ca8525fc9008a696694e36cbeb565b061217930767886474e3cde903ac594f512a992f3fb749857d758ffda1330e590fa915eb841008b720df0f7389ee767c8195037823a4ac28589b159a424f43f372b05207ad867be0fb46938ca8b8c80e9d460f70352eea6238080fd296cbf439a8771da022c00f8c9b841e01ac2f05c82327e015f02ca563a0dc4fb9e0dbd83f3f78cc1d459fc3adc50774726bc3b3145877768db7e3123db562524339b294f32aedee827fab6dba0bae000b8410060abedfbc53b34020fe9e797b75e043ae1a7106a9109267d3bdc4dcf7e61605fcd34ef940e39cbd98864b2da8446ce5aa4fd38895c0811a15237833496534800b841670a488c3a8d8cb15e50e2a5538b47190afd51297a62325783e55bfef3a6dc475be96ac30bb8bee96d6518cd3bb0ffdf4fe05620e5af8569c23410918635c7b701',3137639992.00,0.00,744,'0x0000000000000000000000000000000000000000','0x0000000000000000',739.00,'0xcf9ab92e54722c89c2653cdd109b9dc840b045a6ca2e9fb2982bffbbf3238bac','0x1dcc4de8dec75d7aab85b567b6ccd41ad312451b948a7413f0a142fd40d49347','0x2f903b8d5a7f5480fdd4c46057796cdfa390823d7e7f35906514b892123e993f',1604990557,740.00,'0x56e81f171bcc55a6ff8345e692c0f86e5b48e01b996cadc001622fb5e363b421')
SET SCHEMA SYSTEM_LOBS
DELETE FROM LOB_IDS WHERE LOB_ID=744
INSERT INTO LOB_IDS VALUES(744,514,1,40)
COMMIT
SET SCHEMA PUBLIC
DISCONNECT
/*C1*/INSERT INTO LOB_IDS VALUES(745,514,0,40)
ALTER SEQUENCE SYSTEM_LOBS.LOB_ID RESTART WITH 746
COMMIT
DELETE FROM BLOCKS WHERE BLOCK_ADDR=744
INSERT INTO BLOCKS VALUES(744,1,0)
INSERT INTO BLOCKS VALUES(745,2147482902,0)
DELETE FROM BLOCKS WHERE BLOCK_ADDR=744
INSERT INTO LOBS VALUES(744,1,0,745)
COMMIT
/*C21*/SET SCHEMA PUBLIC
INSERT INTO BLOCKS VALUES('0xf383f67081c428662b74c7e300f89293cda0e27510628cee354fa19d67424e7e',1.00,'0xd983010907846765746889676f312e31332e3130856c696e7578000000000000f90164f854946571d97f340c8495b661a823f2c2145ca47d63c294d8dba507e85f116b1f7e231ca8525fc9008a696694e36cbeb565b061217930767886474e3cde903ac594f512a992f3fb749857d758ffda1330e590fa915eb841b934d437927d6ff25f61512fc1d968592319f6fb28d8c6a0123d9920de6dba97087bb53962e5a47e61ee20826ecfb33f4316d5ed01d480b58c3e8021717df95801f8c9b841d1b7240e4807868ae97d937c80daab90bb9e83ec073487a04695ff8f665c11b00f824544ac5194f08441039d0eb9f1a29768f3559e85ec6bda5a0acdf8e1136f01b841fadc3cd23f808358a1087f196176f7dd9f9993018e0c13cf628d41b69184c70e61f97d090bb2abd1283c6aa66bbb5dfe30007b9d65e943eeed2455fc15c6880401b84174fcfbe36f032d884ad8f33e28c2c7674e5f77684047c270418c9f24af5911d05c3d1733f6eb10dfa7f3434067364a25efdb9470aaee16805aea57b9f92b554500',3136873968.00,0.00,745,'0x0000000000000000000000000000000000000000','0x0000000000000000',740.00,'0xd116c5e42a51a66e6e0a417faf52b1209df984098d50f48a554e7c47cefd5f0e','0x1dcc4de8dec75d7aab85b567b6ccd41ad312451b948a7413f0a142fd40d49347','0x2f903b8d5a7f5480fdd4c46057796cdfa390823d7e7f35906514b892123e993f',1604990562,741.00,'0x56e81f171bcc55a6ff8345e692c0f86e5b48e01b996cadc001622fb5e363b421')
SET SCHEMA SYSTEM_LOBS
DELETE FROM LOB_IDS WHERE LOB_ID=745
INSERT INTO LOB_IDS VALUES(745,514,1,40)
COMMIT
SET SCHEMA PUBLIC
DISCONNECT
/*C1*/INSERT INTO LOB_IDS VALUES(746,514,0,40)
ALTER SEQUENCE SYSTEM_LOBS.LOB_ID RESTART WITH 747
COMMIT
DELETE FROM BLOCKS WHERE BLOCK_ADDR=745
INSERT INTO BLOCKS VALUES(745,1,0)
INSERT INTO BLOCKS VALUES(746,2147482901,0)
DELETE FROM BLOCKS WHERE BLOCK_ADDR=745
INSERT INTO LOBS VALUES(745,1,0,746)
COMMIT
/*C22*/SET SCHEMA PUBLIC
INSERT INTO BLOCKS VALUES('0x77f245ca587fded082d249b55fe806953bfd0c3c694f83093ee219ffc791d6f9',1.00,'0xd983010907846765746889676f312e31332e3130856c696e7578000000000000f90164f854946571d97f340c8495b661a823f2c2145ca47d63c294d8dba507e85f116b1f7e231ca8525fc9008a696694e36cbeb565b061217930767886474e3cde903ac594f512a992f3fb749857d758ffda1330e590fa915eb8413f05210a5942a02af0b3ab163d73344a6fa8ed39e7f34e40981ac76ba16b2e1805f89b56fd2efb99baaa776b3c2a7ae0cbc86e51b0887d0f20d003e7521b3e4f00f8c9b8413a252f304be6052d7c4744e9b156eac6cf6ea3c01303f02caf15c8c053f23db743debedfad476aa2c9fe46c24e28b7f66599f7f933d0bd6092206726d087dff601b84115474b6aadb8290ee55776e75daae31afa1ddf0cbcc40eb4918d994169aec2835a295cc3d801cb44cda8a5d7f4a1fce5c18ca12dfac53b6a66d4ecb1bf51356401b8416f4c23dec293a8a66f355f4212312a8eb88e731610bd58ee23f14bba00fc061753f6094a22c358d9b3a90abc62fcc08315555727c06048b57ed9e6f99a737b3700',3136108131.00,0.00,746,'0x0000000000000000000000000000000000000000','0x0000000000000000',741.00,'0xf383f67081c428662b74c7e300f89293cda0e27510628cee354fa19d67424e7e','0x1dcc4de8dec75d7aab85b567b6ccd41ad312451b948a7413f0a142fd40d49347','0x2f903b8d5a7f5480fdd4c46057796cdfa390823d7e7f35906514b892123e993f',1604990567,742.00,'0x56e81f171bcc55a6ff8345e692c0f86e5b48e01b996cadc001622fb5e363b421')
SET SCHEMA SYSTEM_LOBS
DELETE FROM LOB_IDS WHERE LOB_ID=746
INSERT INTO LOB_IDS VALUES(746,514,1,40)
COMMIT
SET SCHEMA PUBLIC
DISCONNECT
/*C1*/INSERT INTO LOB_IDS VALUES(747,514,0,40)
ALTER SEQUENCE SYSTEM_LOBS.LOB_ID RESTART WITH 748
COMMIT
DELETE FROM BLOCKS WHERE BLOCK_ADDR=746
INSERT INTO BLOCKS VALUES(746,1,0)
INSERT INTO BLOCKS VALUES(747,2147482900,0)
DELETE FROM BLOCKS WHERE BLOCK_ADDR=746
INSERT INTO LOBS VALUES(746,1,0,747)
COMMIT
/*C23*/SET SCHEMA PUBLIC
INSERT INTO BLOCKS VALUES('0x274f51a41d17889a94d76da55ba5a71090bf153f36ff113c9e465b5fee6b2b2d',1.00,'0xd983010907846765746889676f312e31332e3130856c696e7578000000000000f90164f854946571d97f340c8495b661a823f2c2145ca47d63c294d8dba507e85f116b1f7e231ca8525fc9008a696694e36cbeb565b061217930767886474e3cde903ac594f512a992f3fb749857d758ffda1330e590fa915eb841025d817c449111371c3cbcbc3de00e4a9d602f03c4357bd6c87b27d77297620e0ce56d95286044dcdcd8cc6e59a7ecc9f46ae138ee4d0e5f5d8c83b5b029338700f8c9b8418817cf43f15ea6acb4451891d695b672df8b2f5a30d549bbd35cc8021a3ba94459d017d2e0beb0acdb5590f7c7d9bc7c06ed92ea4e02362ef0730967acb1709a01b841b1b0d55f48f44de4502556eee5e393d4e12082a3aff458f2be4531f07093c60f28e0960a202f5ccd723beb7764ad62255c138f364f7ef7c904fe0cd9d0e9985500b841fb16839aff7a179fa629ab84ea4037e4f324ebbcca1e09d6ec6ec62785c5c8ac7baafb5335c961e6cae506f6ec153621eb2876e57dadcd4ce8a1f07b08897d9200',3135342481.00,0.00,747,'0x0000000000000000000000000000000000000000','0x0000000000000000',742.00,'0x77f245ca587fded082d249b55fe806953bfd0c3c694f83093ee219ffc791d6f9','0x1dcc4de8dec75d7aab85b567b6ccd41ad312451b948a7413f0a142fd40d49347','0x2f903b8d5a7f5480fdd4c46057796cdfa390823d7e7f35906514b892123e993f',1604990572,743.00,'0x56e81f171bcc55a6ff8345e692c0f86e5b48e01b996cadc001622fb5e363b421')
SET SCHEMA SYSTEM_LOBS
DELETE FROM LOB_IDS WHERE LOB_ID=747
INSERT INTO LOB_IDS VALUES(747,514,1,40)
COMMIT
SET SCHEMA PUBLIC
DISCONNECT
/*C1*/INSERT INTO LOB_IDS VALUES(748,514,0,40)
ALTER SEQUENCE SYSTEM_LOBS.LOB_ID RESTART WITH 749
COMMIT
DELETE FROM BLOCKS WHERE BLOCK_ADDR=747
INSERT INTO BLOCKS VALUES(747,1,0)
INSERT INTO BLOCKS VALUES(748,2147482899,0)
DELETE FROM BLOCKS WHERE BLOCK_ADDR=747
INSERT INTO LOBS VALUES(747,1,0,748)
COMMIT
/*C24*/SET SCHEMA PUBLIC
INSERT INTO BLOCKS VALUES('0x312d07f3a82237cb1f0a98a359ac063816dfc9249f365ed315d24d18be521ba8',1.00,'0xd983010907846765746889676f312e31332e3130856c696e7578000000000000f90164f854946571d97f340c8495b661a823f2c2145ca47d63c294d8dba507e85f116b1f7e231ca8525fc9008a696694e36cbeb565b061217930767886474e3cde903ac594f512a992f3fb749857d758ffda1330e590fa915eb84167d61ea6468f202ce10a78a19fff5d92fbcf1966b184644fb53db3f7687a73282bcdc5efe939a7bc2cc7741fdf0c16875d013605d36dfecc251c6847f59b91fe00f8c9b841736857a2af7e9819fe526faeaf86e5a56cc7d6a90a1c29ed7acea199a7b7fc362402cec847d61aa2a8f633eff9981ee423e079059457a0b36c4bd40367b4020201b841e3f05596278fd8dd9b9e1eed92a44c396d84debe14cd0dd1d1d57c2d34e7250b13743fc26fdcddbef78762589173a0b9be5551c5a1cfc8f99d553cbf4bb61b9d01b841c6b24be5c8cedeb2efcae8468eea95e409eaabfcec7fef1939cbed6b2de998f8558adc9b33a97dbfd675d496f1af80eebb90074634e53c9339aa824df4f64f5500',3134577018.00,0.00,748,'0x0000000000000000000000000000000000000000','0x0000000000000000',743.00,'0x274f51a41d17889a94d76da55ba5a71090bf153f36ff113c9e465b5fee6b2b2d','0x1dcc4de8dec75d7aab85b567b6ccd41ad312451b948a7413f0a142fd40d49347','0x2f903b8d5a7f5480fdd4c46057796cdfa390823d7e7f35906514b892123e993f',1604990577,744.00,'0x56e81f171bcc55a6ff8345e692c0f86e5b48e01b996cadc001622fb5e363b421')
SET SCHEMA SYSTEM_LOBS
DELETE FROM LOB_IDS WHERE LOB_ID=748
INSERT INTO LOB_IDS VALUES(748,514,1,40)
COMMIT
SET SCHEMA PUBLIC
DISCONNECT
/*C1*/INSERT INTO LOB_IDS VALUES(749,514,0,40)
ALTER SEQUENCE SYSTEM_LOBS.LOB_ID RESTART WITH 750
COMMIT
DELETE FROM BLOCKS WHERE BLOCK_ADDR=748
INSERT INTO BLOCKS VALUES(748,1,0)
INSERT INTO BLOCKS VALUES(749,2147482898,0)
DELETE FROM BLOCKS WHERE BLOCK_ADDR=748
INSERT INTO LOBS VALUES(748,1,0,749)
COMMIT
/*C25*/SET SCHEMA PUBLIC
INSERT INTO BLOCKS VALUES('0x6ac3b6777176d87c62f928411299ba41173c273482c5b499c8d28a4c8aaf704e',1.00,'0xd983010907846765746889676f312e31332e3130856c696e7578000000000000f90164f854946571d97f340c8495b661a823f2c2145ca47d63c294d8dba507e85f116b1f7e231ca8525fc9008a696694e36cbeb565b061217930767886474e3cde903ac594f512a992f3fb749857d758ffda1330e590fa915eb84130b75443cc30c21ef150527ff305150e9d4f527b42fc241034c5cc53e957ce384e40b4b27718c3bfb92e2f249d65e7008ddafb87003e7adf5546e06c8168f5ec00f8c9b841d40d2178ca570ecaffc97450e189604dc0c578401d9be9ce99bbc824cb56af7144e6a8e75c85401a3b3e00b96817ef4bfd25aac98eb4dc839813866c0c8b28ca00b8414b7242ddb7efff68a98b679b8c8873cac1dcc42a411aebbe98451ca55b324eac6b17965ee56c8aa85acab80691f2045d5ac85bc7ba2a91b541511491d79e07b400b84190873281711cea7406cab917a4cb97304151132c681e669fd7cba9c2e6f56770444e7165a191e5da9db5c747b55ebd0d9452bbc850a6837d66292b856fc43ee401',3133811742.00,0.00,749,'0x0000000000000000000000000000000000000000','0x0000000000000000',744.00,'0x312d07f3a82237cb1f0a98a359ac063816dfc9249f365ed315d24d18be521ba8','0x1dcc4de8dec75d7aab85b567b6ccd41ad312451b948a7413f0a142fd40d49347','0x2f903b8d5a7f5480fdd4c46057796cdfa390823d7e7f35906514b892123e993f',1604990582,745.00,'0x56e81f171bcc55a6ff8345e692c0f86e5b48e01b996cadc001622fb5e363b421')
SET SCHEMA SYSTEM_LOBS
DELETE FROM LOB_IDS WHERE LOB_ID=749
INSERT INTO LOB_IDS VALUES(749,514,1,40)
COMMIT
SET SCHEMA PUBLIC
DISCONNECT
/*C1*/INSERT INTO LOB_IDS VALUES(750,514,0,40)
ALTER SEQUENCE SYSTEM_LOBS.LOB_ID RESTART WITH 751
COMMIT
DELETE FROM BLOCKS WHERE BLOCK_ADDR=749
INSERT INTO BLOCKS VALUES(749,1,0)
INSERT INTO BLOCKS VALUES(750,2147482897,0)
DELETE FROM BLOCKS WHERE BLOCK_ADDR=749
INSERT INTO LOBS VALUES(749,1,0,750)
COMMIT
/*C26*/SET SCHEMA PUBLIC
INSERT INTO BLOCKS VALUES('0x13c4dd044d4079ff30b1ca75759c761292fe3576a789b2b6732dd51a69eac93f',1.00,'0xd983010907846765746889676f312e31332e3130856c696e7578000000000000f90164f854946571d97f340c8495b661a823f2c2145ca47d63c294d8dba507e85f116b1f7e231ca8525fc9008a696694e36cbeb565b061217930767886474e3cde903ac594f512a992f3fb749857d758ffda1330e590fa915eb84157d2b38e040b3b2103f1181fecca0d95ede18d35cd74e5ab6682246f263c73b80d05412b0f037a1fb64d27545ce422f799e96b83c0ed5e2aa02d97f1b7dc6a1b00f8c9b8414ca110a1d49689c48b48b0e5918dc22d7a62fcb2f15e6eed5f2479e66edcece0063adecde359d719ad5a3b129c01ff4dee60fa8e56058aa7780c9541d64107ed00b841e9008d0cb0f341ec3ce1ed0e9455f7dd0d01922744190ed53dd413e8549d10ad7cda30f3b8ac73f22ffc3d6281145b8ca0169203ea4c355f5c180ced57cb9a1a00b841575f1bb6334e6f24a6e2503fcf2c70ed90d8aa7a0feb49ff32ecc3d2f7b72ae37da2566e99a41b754cd76680c40900b902a1777fdf7507303c2260968713a4c200',3133046653.00,0.00,750,'0x0000000000000000000000000000000000000000','0x0000000000000000',745.00,'0x6ac3b6777176d87c62f928411299ba41173c273482c5b499c8d28a4c8aaf704e','0x1dcc4de8dec75d7aab85b567b6ccd41ad312451b948a7413f0a142fd40d49347','0x2f903b8d5a7f5480fdd4c46057796cdfa390823d7e7f35906514b892123e993f',1604990587,746.00,'0x56e81f171bcc55a6ff8345e692c0f86e5b48e01b996cadc001622fb5e363b421')
SET SCHEMA SYSTEM_LOBS
DELETE FROM LOB_IDS WHERE LOB_ID=750
INSERT INTO LOB_IDS VALUES(750,514,1,40)
COMMIT
SET SCHEMA PUBLIC
DISCONNECT
/*C1*/INSERT INTO LOB_IDS VALUES(751,514,0,40)
ALTER SEQUENCE SYSTEM_LOBS.LOB_ID RESTART WITH 752
COMMIT
DELETE FROM BLOCKS WHERE BLOCK_ADDR=750
INSERT INTO BLOCKS VALUES(750,1,0)
INSERT INTO BLOCKS VALUES(751,2147482896,0)
DELETE FROM BLOCKS WHERE BLOCK_ADDR=750
INSERT INTO LOBS VALUES(750,1,0,751)
COMMIT
/*C27*/SET SCHEMA PUBLIC
INSERT INTO BLOCKS VALUES('0x96da904c9a59a9002838acf843c889da76842ce5eab461819614329ad5578b4d',1.00,'0xd983010907846765746889676f312e31332e3130856c696e7578000000000000f90164f854946571d97f340c8495b661a823f2c2145ca47d63c294d8dba507e85f116b1f7e231ca8525fc9008a696694e36cbeb565b061217930767886474e3cde903ac594f512a992f3fb749857d758ffda1330e590fa915eb8417fec42c7e56ecabe8a8b19e86e2c4fa34da69b284c26ac46a0e087b8a9e8d710290ca7247f8629029573260e8d479ca22a538cc3aff23b2e8267e7d8d7e0bd5c01f8c9b8411fc483d46ff9edcbfd6b90d25768346b99971a5fa70de511be10fcba4210384c198553acec8f308524f5b8d8eb2cf0b92dcbb4cd06ce67bdb876bc35157c047501b84134a801a2bf3a910ef0e69fdc551612665c22cce45b6a7eb3995cac3a1382c0bf0803e1f04b263d188bfa54771f26a6df16536c7a3b94930339e5e9fb261ed4d501b8415c3a6ebf54ea38b6c9bfb725996e1aaabd07b6fd48406a56b928b883e080edd57d8ffcfa4b4a797c7752f2c742b12441ade61073bcc02711859a6f013393698f00',3132281751.00,0.00,751,'0x0000000000000000000000000000000000000000','0x0000000000000000',746.00,'0x13c4dd044d4079ff30b1ca75759c761292fe3576a789b2b6732dd51a69eac93f','0x1dcc4de8dec75d7aab85b567b6ccd41ad312451b948a7413f0a142fd40d49347','0x2f903b8d5a7f5480fdd4c46057796cdfa390823d7e7f35906514b892123e993f',1604990592,747.00,'0x56e81f171bcc55a6ff8345e692c0f86e5b48e01b996cadc001622fb5e363b421')
SET SCHEMA SYSTEM_LOBS
DELETE FROM LOB_IDS WHERE LOB_ID=751
INSERT INTO LOB_IDS VALUES(751,514,1,40)
COMMIT
SET SCHEMA PUBLIC
DISCONNECT
/*C1*/INSERT INTO LOB_IDS VALUES(752,514,0,40)
ALTER SEQUENCE SYSTEM_LOBS.LOB_ID RESTART WITH 753
COMMIT
DELETE FROM BLOCKS WHERE BLOCK_ADDR=751
INSERT INTO BLOCKS VALUES(751,1,0)
INSERT INTO BLOCKS VALUES(752,2147482895,0)
DELETE FROM BLOCKS WHERE BLOCK_ADDR=751
INSERT INTO LOBS VALUES(751,1,0,752)
COMMIT
/*C28*/SET SCHEMA PUBLIC
INSERT INTO BLOCKS VALUES('0x9dee9bd52adb793c1a60864b2884f9c0b745140641b8e260675041a9e30ccce7',1.00,'0xd983010907846765746889676f312e31332e3130856c696e7578000000000000f90164f854946571d97f340c8495b661a823f2c2145ca47d63c294d8dba507e85f116b1f7e231ca8525fc9008a696694e36cbeb565b061217930767886474e3cde903ac594f512a992f3fb749857d758ffda1330e590fa915eb841bc8050c6c4314effc90b6e872007d5ffd473fcdbcc619e66e679dcae4d6de2b76c8d25d79968e991b7bc42865d78ab78f54f59323d7da288ce51970460d3339401f8c9b8410b8e03d8fab15deee087064a2c6a327ee10f859d97722718aa6ae2e8eddc6a2d1039f540356f13487b2c847e396a6865f4b336850d2b8b493578de9e2b5c6b4a00b8416a5547e9d77971b0b0caaed7137eb9b2f5e4e9830ec097ee355c9c1749e4527e7c376d95d0c70cdcfc7b25f5faa683427590c24d41ae1555be97b964a202f23201b84194bac4000d480edd1a313bab73ef8fc9507a97b112c8cee93909f3aab4c3854e39c572500a9ca2d92931f48b5ea9d1d2e2b3d623eca699b5596e08c3d42cadf701',3131517035.00,0.00,752,'0x0000000000000000000000000000000000000000','0x0000000000000000',747.00,'0x96da904c9a59a9002838acf843c889da76842ce5eab461819614329ad5578b4d','0x1dcc4de8dec75d7aab85b567b6ccd41ad312451b948a7413f0a142fd40d49347','0x2f903b8d5a7f5480fdd4c46057796cdfa390823d7e7f35906514b892123e993f',1604990597,748.00,'0x56e81f171bcc55a6ff8345e692c0f86e5b48e01b996cadc001622fb5e363b421')
SET SCHEMA SYSTEM_LOBS
DELETE FROM LOB_IDS WHERE LOB_ID=752
INSERT INTO LOB_IDS VALUES(752,514,1,40)
COMMIT
SET SCHEMA PUBLIC
DISCONNECT
